2025-02-04 13:47:52,696 - INFO - Game initialized successfully.
2025-02-04 13:47:52,696 - INFO - Initialized screen.
2025-02-04 13:47:52,833 - DEBUG - Gamestate Main
2025-02-04 13:47:53,769 - INFO - Levels/level_1.json
2025-02-04 13:47:53,841 - INFO - Current GameState: placeSM
2025-02-04 13:48:02,760 - DEBUG - Reset selectedModel and Tile to None
2025-02-04 13:48:02,761 - DEBUG - Reset ClickedModel and Tile to None
2025-02-04 13:48:02,761 - DEBUG - Chosen position in blipSack: 7
2025-02-04 13:48:02,762 - DEBUG - Chosen position in blipSack: 5
2025-02-04 13:48:02,766 - INFO - Current GameState: blStart
2025-02-04 13:48:03,751 - DEBUG - Blips on clicked Tile: []
2025-02-04 13:48:04,780 - DEBUG - Current Bliplist: [1]
2025-02-04 13:48:04,780 - DEBUG - Blips in the clicked Tile: [<Models.Blip object at 0x000002C5CEA11670>]
2025-02-04 13:48:05,244 - DEBUG - Current Bliplist: []
2025-02-04 13:48:05,244 - DEBUG - Blips in the clicked Tile: [<Models.Blip object at 0x000002C5CEA11670>, <Models.Blip object at 0x000002C5CE609190>]
2025-02-04 13:48:05,245 - DEBUG - Reset selectedModel and Tile to None
2025-02-04 13:48:05,245 - DEBUG - Reset ClickedModel and Tile to None
2025-02-04 13:48:05,246 - INFO - Current GameState: Command
2025-02-04 13:48:05,246 - DEBUG - Sergant model: <Models.SpaceMarine object at 0x000002C5CE9FC2F0> present
2025-02-04 13:48:05,246 - DEBUG - Reroll of CP: True
2025-02-04 13:48:09,403 - DEBUG - CP: 6
2025-02-04 13:48:47,390 - INFO - Game initialized successfully.
2025-02-04 13:48:47,391 - INFO - Initialized screen.
2025-02-04 13:48:47,540 - DEBUG - Gamestate Main
2025-02-04 13:48:48,310 - INFO - Levels/level_1.json
2025-02-04 13:48:48,385 - INFO - Current GameState: placeSM
2025-02-04 13:48:57,960 - DEBUG - Reset selectedModel and Tile to None
2025-02-04 13:48:57,961 - DEBUG - Reset ClickedModel and Tile to None
2025-02-04 13:48:57,961 - DEBUG - Chosen position in blipSack: 17
2025-02-04 13:48:57,961 - DEBUG - Chosen position in blipSack: 19
2025-02-04 13:48:57,965 - INFO - Current GameState: blStart
2025-02-04 13:48:59,111 - DEBUG - Blips on clicked Tile: []
2025-02-04 13:49:01,172 - DEBUG - Current Bliplist: [3]
2025-02-04 13:49:01,172 - DEBUG - Blips in the clicked Tile: [<Models.Blip object at 0x000001BB5369DC10>]
2025-02-04 13:49:01,363 - DEBUG - Current Bliplist: []
2025-02-04 13:49:01,364 - DEBUG - Blips in the clicked Tile: [<Models.Blip object at 0x000001BB5369DC10>, <Models.Blip object at 0x000001BB5369DC40>]
2025-02-04 13:49:01,364 - DEBUG - Reset selectedModel and Tile to None
2025-02-04 13:49:01,364 - DEBUG - Reset ClickedModel and Tile to None
2025-02-04 13:49:01,365 - INFO - Current GameState: Command
2025-02-04 13:49:01,365 - DEBUG - Sergant model: <Models.SpaceMarine object at 0x000001BB53684860> present
2025-02-04 13:49:01,366 - DEBUG - Reroll of CP: True
2025-02-04 13:49:04,775 - DEBUG - CP: 5
2025-02-04 13:49:07,668 - INFO - Current GameState: smAction
2025-02-04 13:49:12,815 - INFO - Door
2025-02-04 13:49:14,578 - INFO - Door
2025-02-04 13:49:15,094 - INFO - Door
2025-02-04 13:49:15,481 - INFO - Door
2025-02-04 13:49:15,773 - INFO - Door
2025-02-04 13:49:16,038 - INFO - Door
2025-02-04 13:49:17,256 - INFO - Door
2025-02-04 13:49:17,561 - INFO - Door
2025-02-04 13:49:17,812 - INFO - Door
2025-02-04 13:49:18,127 - INFO - Door
2025-02-04 13:49:22,579 - INFO - Current GameState: smAction
2025-02-04 13:49:22,582 - INFO - Door
2025-02-04 13:49:24,779 - INFO - Door
2025-02-04 13:49:25,348 - INFO - Door
2025-02-04 13:49:25,835 - INFO - Door
2025-02-04 13:49:26,301 - INFO - Door
2025-02-04 13:49:26,546 - INFO - Door
2025-02-04 13:49:26,727 - INFO - Door
2025-02-04 13:49:26,928 - INFO - Door
2025-02-04 13:49:27,184 - INFO - Door
2025-02-04 13:49:27,835 - INFO - Door
2025-02-04 13:49:28,096 - INFO - Door
2025-02-04 13:49:28,318 - INFO - Door
2025-02-04 13:49:28,573 - INFO - Door
2025-02-04 13:49:28,734 - INFO - Door
2025-02-04 13:49:28,896 - INFO - Door
2025-02-04 13:49:29,161 - INFO - Door
2025-02-04 13:49:29,167 - INFO - Door
2025-02-04 13:49:29,484 - INFO - Door
2025-02-04 13:49:31,972 - INFO - Current GameState: smAction
2025-02-04 13:49:31,975 - INFO - Door
2025-02-04 13:49:31,977 - CRITICAL - Unhandled exception
Traceback (most recent call last):
  File "c:\Users\Kathrin\Documents\GitHub\Space-Hulk-2\Gamestates.py", line 4731, in <module>
    gameStateManager.run_gamestate("main")
  File "c:\Users\Kathrin\Documents\GitHub\Space-Hulk-2\Gamestates.py", line 49, in run_gamestate
    self.gamestates[gameState].run()
  File "c:\Users\Kathrin\Documents\GitHub\Space-Hulk-2\Gamestates.py", line 4712, in run
    self.gameStateManager.run_gamestate("smPlace")
  File "c:\Users\Kathrin\Documents\GitHub\Space-Hulk-2\Gamestates.py", line 49, in run_gamestate
    self.gamestates[gameState].run()
  File "c:\Users\Kathrin\Documents\GitHub\Space-Hulk-2\Gamestates.py", line 452, in run
    self.endState()
  File "c:\Users\Kathrin\Documents\GitHub\Space-Hulk-2\Gamestates.py", line 385, in endState
    self.gameStateManager.run_gamestate('gsStart')
  File "c:\Users\Kathrin\Documents\GitHub\Space-Hulk-2\Gamestates.py", line 49, in run_gamestate
    self.gamestates[gameState].run()
  File "c:\Users\Kathrin\Documents\GitHub\Space-Hulk-2\Gamestates.py", line 186, in run
    self.endState()
  File "c:\Users\Kathrin\Documents\GitHub\Space-Hulk-2\Gamestates.py", line 125, in endState
    self.gameStateManager.run_gamestate("command")
  File "c:\Users\Kathrin\Documents\GitHub\Space-Hulk-2\Gamestates.py", line 49, in run_gamestate
    self.gamestates[gameState].run()
  File "c:\Users\Kathrin\Documents\GitHub\Space-Hulk-2\Gamestates.py", line 590, in run
    self.endState()
  File "c:\Users\Kathrin\Documents\GitHub\Space-Hulk-2\Gamestates.py", line 495, in endState
    self.gameStateManager.run_gamestate('smTurn')
  File "c:\Users\Kathrin\Documents\GitHub\Space-Hulk-2\Gamestates.py", line 49, in run_gamestate
    self.gamestates[gameState].run()
  File "c:\Users\Kathrin\Documents\GitHub\Space-Hulk-2\Gamestates.py", line 1056, in run
    self.gameStateManager.run_gamestate("smAction")
  File "c:\Users\Kathrin\Documents\GitHub\Space-Hulk-2\Gamestates.py", line 49, in run_gamestate
    self.gamestates[gameState].run()
  File "c:\Users\Kathrin\Documents\GitHub\Space-Hulk-2\Gamestates.py", line 926, in run
    self.gameStateManager.run_gamestate("mlRollDoorSM")
  File "c:\Users\Kathrin\Documents\GitHub\Space-Hulk-2\Gamestates.py", line 49, in run_gamestate
    self.gamestates[gameState].run()
  File "c:\Users\Kathrin\Documents\GitHub\Space-Hulk-2\Gamestates.py", line 1361, in run
    self.gameStateManager.run_gamestate("smAction")
  File "c:\Users\Kathrin\Documents\GitHub\Space-Hulk-2\Gamestates.py", line 49, in run_gamestate
    self.gamestates[gameState].run()
  File "c:\Users\Kathrin\Documents\GitHub\Space-Hulk-2\Gamestates.py", line 892, in run
    self.gameStateManager.run_gamestate("smTurning")
  File "c:\Users\Kathrin\Documents\GitHub\Space-Hulk-2\Gamestates.py", line 49, in run_gamestate
    self.gamestates[gameState].run()
  File "c:\Users\Kathrin\Documents\GitHub\Space-Hulk-2\Gamestates.py", line 1250, in run
    self.gameStateManager.run_gamestate("smAction")
  File "c:\Users\Kathrin\Documents\GitHub\Space-Hulk-2\Gamestates.py", line 49, in run_gamestate
    self.gamestates[gameState].run()
  File "c:\Users\Kathrin\Documents\GitHub\Space-Hulk-2\Gamestates.py", line 801, in run
    self.actionBar.render(self.gameStateManager.screen)
  File "c:\Users\Kathrin\Documents\GitHub\Space-Hulk-2\UI.py", line 204, in render
    button.rect.topleft = (self.slots[i], self.rect.top + 10)
                          ~~~~~~~~~~^^^
IndexError: list index out of range
2025-02-04 14:06:13,618 - INFO - Game initialized successfully.
2025-02-04 14:06:13,618 - INFO - Initialized screen.
2025-02-04 14:06:13,744 - DEBUG - Gamestate Main
2025-02-04 14:06:14,937 - INFO - Levels/level_1.json
2025-02-04 14:06:14,940 - CRITICAL - Unhandled exception
Traceback (most recent call last):
  File "c:\Users\Kathrin\Documents\GitHub\Space-Hulk-2\Gamestates.py", line 4731, in <module>
    gameStateManager.run_gamestate("main")
  File "c:\Users\Kathrin\Documents\GitHub\Space-Hulk-2\Gamestates.py", line 49, in run_gamestate
    self.gamestates[gameState].run()
  File "c:\Users\Kathrin\Documents\GitHub\Space-Hulk-2\Gamestates.py", line 4710, in run
    self.game.load_level("level_1")
  File "c:\Users\Kathrin\Documents\GitHub\Space-Hulk-2\Game.py", line 118, in load_level
    self.smModelList.append(SpaceMarine(entry[0],entry[1]))
                            ^^^^^^^^^^^^^^^^^^^^^^^^^^^^^^
TypeError: SpaceMarine.__init__() missing 1 required positional argument: 'picture'
2025-02-04 14:07:28,742 - INFO - Game initialized successfully.
2025-02-04 14:07:28,742 - INFO - Initialized screen.
2025-02-04 14:07:28,879 - DEBUG - Gamestate Main
2025-02-04 14:07:40,892 - INFO - Game initialized successfully.
2025-02-04 14:07:40,893 - INFO - Initialized screen.
2025-02-04 14:07:41,042 - DEBUG - Gamestate Main
2025-02-04 14:07:41,916 - INFO - Levels/level_1.json
2025-02-04 14:07:41,995 - INFO - Current GameState: placeSM
2025-02-04 14:07:52,564 - DEBUG - Reset selectedModel and Tile to None
2025-02-04 14:07:52,565 - DEBUG - Reset ClickedModel and Tile to None
2025-02-04 14:07:52,565 - DEBUG - Chosen position in blipSack: 0
2025-02-04 14:07:52,566 - DEBUG - Chosen position in blipSack: 16
2025-02-04 14:07:52,569 - INFO - Current GameState: blStart
2025-02-04 14:07:53,588 - DEBUG - Blips on clicked Tile: []
2025-02-04 14:07:54,403 - DEBUG - Current Bliplist: [3]
2025-02-04 14:07:54,404 - DEBUG - Blips in the clicked Tile: [<Models.Blip object at 0x000001DE7818DD30>]
2025-02-04 14:07:54,603 - DEBUG - Current Bliplist: []
2025-02-04 14:07:54,604 - DEBUG - Blips in the clicked Tile: [<Models.Blip object at 0x000001DE7818DD30>, <Models.Blip object at 0x000001DE7818DD60>]
2025-02-04 14:07:54,604 - DEBUG - Reset selectedModel and Tile to None
2025-02-04 14:07:54,604 - DEBUG - Reset ClickedModel and Tile to None
2025-02-04 14:07:54,605 - INFO - Current GameState: Command
2025-02-04 14:07:54,605 - DEBUG - Sergant model: <Models.SpaceMarine object at 0x000001DE781749E0> present
2025-02-04 14:07:54,606 - DEBUG - Reroll of CP: True
2025-02-04 14:07:57,484 - DEBUG - CP: 2
2025-02-04 14:08:03,115 - INFO - Current GameState: smAction
2025-02-04 14:08:03,119 - CRITICAL - Unhandled exception
Traceback (most recent call last):
  File "c:\Users\Kathrin\Documents\GitHub\Space-Hulk-2\Gamestates.py", line 4731, in <module>
    gameStateManager.run_gamestate("main")
  File "c:\Users\Kathrin\Documents\GitHub\Space-Hulk-2\Gamestates.py", line 49, in run_gamestate
    self.gamestates[gameState].run()
  File "c:\Users\Kathrin\Documents\GitHub\Space-Hulk-2\Gamestates.py", line 4712, in run
    self.gameStateManager.run_gamestate("smPlace")
  File "c:\Users\Kathrin\Documents\GitHub\Space-Hulk-2\Gamestates.py", line 49, in run_gamestate
    self.gamestates[gameState].run()
  File "c:\Users\Kathrin\Documents\GitHub\Space-Hulk-2\Gamestates.py", line 452, in run
    self.endState()
  File "c:\Users\Kathrin\Documents\GitHub\Space-Hulk-2\Gamestates.py", line 385, in endState
    self.gameStateManager.run_gamestate('gsStart')
  File "c:\Users\Kathrin\Documents\GitHub\Space-Hulk-2\Gamestates.py", line 49, in run_gamestate
    self.gamestates[gameState].run()
  File "c:\Users\Kathrin\Documents\GitHub\Space-Hulk-2\Gamestates.py", line 186, in run
    self.endState()
  File "c:\Users\Kathrin\Documents\GitHub\Space-Hulk-2\Gamestates.py", line 125, in endState
    self.gameStateManager.run_gamestate("command")
  File "c:\Users\Kathrin\Documents\GitHub\Space-Hulk-2\Gamestates.py", line 49, in run_gamestate
    self.gamestates[gameState].run()
  File "c:\Users\Kathrin\Documents\GitHub\Space-Hulk-2\Gamestates.py", line 590, in run
    self.endState()
  File "c:\Users\Kathrin\Documents\GitHub\Space-Hulk-2\Gamestates.py", line 495, in endState
    self.gameStateManager.run_gamestate('smTurn')
  File "c:\Users\Kathrin\Documents\GitHub\Space-Hulk-2\Gamestates.py", line 49, in run_gamestate
    self.gamestates[gameState].run()
  File "c:\Users\Kathrin\Documents\GitHub\Space-Hulk-2\Gamestates.py", line 1056, in run
    self.gameStateManager.run_gamestate("smAction")
  File "c:\Users\Kathrin\Documents\GitHub\Space-Hulk-2\Gamestates.py", line 49, in run_gamestate
    self.gamestates[gameState].run()
  File "c:\Users\Kathrin\Documents\GitHub\Space-Hulk-2\Gamestates.py", line 801, in run
    self.actionBar.render(self.gameStateManager.screend)
                          ^^^^^^^^^^^^^^^^^^^^^^^^^^^^^
AttributeError: 'GameStateManager' object has no attribute 'screend'. Did you mean: 'screen'?
2025-02-04 14:08:25,604 - INFO - Game initialized successfully.
2025-02-04 14:08:25,604 - INFO - Initialized screen.
2025-02-04 14:08:25,738 - DEBUG - Gamestate Main
2025-02-04 14:08:26,884 - INFO - Levels/level_1.json
2025-02-04 14:08:26,962 - INFO - Current GameState: placeSM
2025-02-04 14:08:37,280 - DEBUG - Reset selectedModel and Tile to None
2025-02-04 14:08:37,280 - DEBUG - Reset ClickedModel and Tile to None
2025-02-04 14:08:37,281 - DEBUG - Chosen position in blipSack: 13
2025-02-04 14:08:37,281 - DEBUG - Chosen position in blipSack: 3
2025-02-04 14:08:37,286 - INFO - Current GameState: blStart
2025-02-04 14:08:38,039 - DEBUG - Blips on clicked Tile: []
2025-02-04 14:08:38,815 - DEBUG - Current Bliplist: [1]
2025-02-04 14:08:38,816 - DEBUG - Blips in the clicked Tile: [<Models.Blip object at 0x000001B02EA2DD00>]
2025-02-04 14:08:38,983 - DEBUG - Current Bliplist: []
2025-02-04 14:08:38,984 - DEBUG - Blips in the clicked Tile: [<Models.Blip object at 0x000001B02EA2DD00>, <Models.Blip object at 0x000001B02E6F1190>]
2025-02-04 14:08:38,984 - DEBUG - Reset selectedModel and Tile to None
2025-02-04 14:08:38,984 - DEBUG - Reset ClickedModel and Tile to None
2025-02-04 14:08:38,985 - INFO - Current GameState: Command
2025-02-04 14:08:38,986 - DEBUG - Sergant model: <Models.SpaceMarine object at 0x000001B02EA14950> present
2025-02-04 14:08:38,986 - DEBUG - Reroll of CP: True
2025-02-04 14:08:44,691 - DEBUG - CP: 5
2025-02-04 14:08:48,403 - INFO - Current GameState: smAction
2025-02-04 14:08:54,195 - INFO - TargetTile <Board.Tile object at 0x000001B02EA2DB80> in distance of 1.
2025-02-04 14:08:54,196 - INFO - Current Gamestate: smShootFlamer
2025-02-04 14:08:57,556 - INFO - Flamerroll: 3
2025-02-04 14:08:59,070 - INFO - Flamerroll: 6
2025-02-04 14:09:00,583 - INFO - Flamerroll: 2
2025-02-04 14:09:02,096 - INFO - Flamerroll: 1
2025-02-04 14:09:03,609 - INFO - Flamerroll: 4
2025-02-04 14:09:03,609 - DEBUG - Reset ClickedModel and Tile to None
2025-02-04 14:09:03,610 - INFO - Current GameState: smAction
2025-02-04 14:09:26,456 - INFO - Current GameState: smAction
2025-02-04 14:09:26,460 - CRITICAL - Unhandled exception
Traceback (most recent call last):
  File "c:\Users\Kathrin\Documents\GitHub\Space-Hulk-2\Gamestates.py", line 4731, in <module>
    gameStateManager.run_gamestate("main")
  File "c:\Users\Kathrin\Documents\GitHub\Space-Hulk-2\Gamestates.py", line 49, in run_gamestate
    self.gamestates[gameState].run()
  File "c:\Users\Kathrin\Documents\GitHub\Space-Hulk-2\Gamestates.py", line 4712, in run
    self.gameStateManager.run_gamestate("smPlace")
  File "c:\Users\Kathrin\Documents\GitHub\Space-Hulk-2\Gamestates.py", line 49, in run_gamestate
    self.gamestates[gameState].run()
  File "c:\Users\Kathrin\Documents\GitHub\Space-Hulk-2\Gamestates.py", line 452, in run
    self.endState()
  File "c:\Users\Kathrin\Documents\GitHub\Space-Hulk-2\Gamestates.py", line 385, in endState
    self.gameStateManager.run_gamestate('gsStart')
  File "c:\Users\Kathrin\Documents\GitHub\Space-Hulk-2\Gamestates.py", line 49, in run_gamestate
    self.gamestates[gameState].run()
  File "c:\Users\Kathrin\Documents\GitHub\Space-Hulk-2\Gamestates.py", line 186, in run
    self.endState()
  File "c:\Users\Kathrin\Documents\GitHub\Space-Hulk-2\Gamestates.py", line 125, in endState
    self.gameStateManager.run_gamestate("command")
  File "c:\Users\Kathrin\Documents\GitHub\Space-Hulk-2\Gamestates.py", line 49, in run_gamestate
    self.gamestates[gameState].run()
  File "c:\Users\Kathrin\Documents\GitHub\Space-Hulk-2\Gamestates.py", line 590, in run
    self.endState()
  File "c:\Users\Kathrin\Documents\GitHub\Space-Hulk-2\Gamestates.py", line 495, in endState
    self.gameStateManager.run_gamestate('smTurn')
  File "c:\Users\Kathrin\Documents\GitHub\Space-Hulk-2\Gamestates.py", line 49, in run_gamestate
    self.gamestates[gameState].run()
  File "c:\Users\Kathrin\Documents\GitHub\Space-Hulk-2\Gamestates.py", line 1056, in run
    self.gameStateManager.run_gamestate("smAction")
  File "c:\Users\Kathrin\Documents\GitHub\Space-Hulk-2\Gamestates.py", line 49, in run_gamestate
    self.gamestates[gameState].run()
  File "c:\Users\Kathrin\Documents\GitHub\Space-Hulk-2\Gamestates.py", line 940, in run
    self.gameStateManager.run_gamestate('shootflamer')
  File "c:\Users\Kathrin\Documents\GitHub\Space-Hulk-2\Gamestates.py", line 49, in run_gamestate
    self.gamestates[gameState].run()
  File "c:\Users\Kathrin\Documents\GitHub\Space-Hulk-2\Gamestates.py", line 1947, in run
    self.gameStateManager.run_gamestate('smAction')
  File "c:\Users\Kathrin\Documents\GitHub\Space-Hulk-2\Gamestates.py", line 49, in run_gamestate
    self.gamestates[gameState].run()
  File "c:\Users\Kathrin\Documents\GitHub\Space-Hulk-2\Gamestates.py", line 892, in run
    self.gameStateManager.run_gamestate("smTurning")
  File "c:\Users\Kathrin\Documents\GitHub\Space-Hulk-2\Gamestates.py", line 49, in run_gamestate
    self.gamestates[gameState].run()
  File "c:\Users\Kathrin\Documents\GitHub\Space-Hulk-2\Gamestates.py", line 1250, in run
    self.gameStateManager.run_gamestate("smAction")
  File "c:\Users\Kathrin\Documents\GitHub\Space-Hulk-2\Gamestates.py", line 49, in run_gamestate
    self.gamestates[gameState].run()
  File "c:\Users\Kathrin\Documents\GitHub\Space-Hulk-2\Gamestates.py", line 801, in run
    self.actionBar.render(self.gameStateManager.screen)
  File "c:\Users\Kathrin\Documents\GitHub\Space-Hulk-2\UI.py", line 204, in render
    button.rect.topleft = (self.slots[i], self.rect.top + 10)
                          ~~~~~~~~~~^^^
IndexError: list index out of range
